{"C:\\Users\\User\\Desktop\\DoDev\\Lista de exercicios\\calcular gasto de combustivel por km #24\\calculo.js": {"path":"C:\\Users\\User\\Desktop\\DoDev\\Lista de exercicios\\calcular gasto de combustivel por km #24\\calculo.js","statementMap":{"0":{"start":{"line":2,"column":4},"end":{"line":19,"column":5}},"1":{"start":{"line":3,"column":8},"end":{"line":3,"column":72}},"2":{"start":{"line":4,"column":10},"end":{"line":19,"column":5}},"3":{"start":{"line":5,"column":8},"end":{"line":5,"column":22}},"4":{"start":{"line":6,"column":30},"end":{"line":6,"column":51}},"5":{"start":{"line":7,"column":21},"end":{"line":7,"column":36}},"6":{"start":{"line":8,"column":7},"end":{"line":8,"column":38}},"7":{"start":{"line":9,"column":8},"end":{"line":9,"column":41}},"8":{"start":{"line":11,"column":10},"end":{"line":19,"column":5}},"9":{"start":{"line":12,"column":8},"end":{"line":12,"column":22}},"10":{"start":{"line":13,"column":28},"end":{"line":13,"column":49}},"11":{"start":{"line":14,"column":22},"end":{"line":14,"column":35}},"12":{"start":{"line":15,"column":8},"end":{"line":15,"column":39}},"13":{"start":{"line":16,"column":8},"end":{"line":16,"column":39}},"14":{"start":{"line":17,"column":10},"end":{"line":19,"column":5}},"15":{"start":{"line":18,"column":8},"end":{"line":18,"column":54}},"16":{"start":{"line":23,"column":0},"end":{"line":23,"column":23}}},"fnMap":{"0":{"name":"Calc","decl":{"start":{"line":1,"column":9},"end":{"line":1,"column":13}},"loc":{"start":{"line":1,"column":36},"end":{"line":21,"column":5}},"line":1}},"branchMap":{"0":{"loc":{"start":{"line":2,"column":4},"end":{"line":19,"column":5}},"type":"if","locations":[{"start":{"line":2,"column":4},"end":{"line":19,"column":5}},{"start":{"line":4,"column":10},"end":{"line":19,"column":5}}],"line":2},"1":{"loc":{"start":{"line":4,"column":10},"end":{"line":19,"column":5}},"type":"if","locations":[{"start":{"line":4,"column":10},"end":{"line":19,"column":5}},{"start":{"line":11,"column":10},"end":{"line":19,"column":5}}],"line":4},"2":{"loc":{"start":{"line":11,"column":10},"end":{"line":19,"column":5}},"type":"if","locations":[{"start":{"line":11,"column":10},"end":{"line":19,"column":5}},{"start":{"line":17,"column":10},"end":{"line":19,"column":5}}],"line":11},"3":{"loc":{"start":{"line":17,"column":10},"end":{"line":19,"column":5}},"type":"if","locations":[{"start":{"line":17,"column":10},"end":{"line":19,"column":5}},{"start":{},"end":{}}],"line":17},"4":{"loc":{"start":{"line":17,"column":13},"end":{"line":17,"column":63}},"type":"binary-expr","locations":[{"start":{"line":17,"column":13},"end":{"line":17,"column":37}},{"start":{"line":17,"column":41},"end":{"line":17,"column":63}}],"line":17}},"s":{"0":4,"1":1,"2":3,"3":1,"4":1,"5":1,"6":1,"7":1,"8":2,"9":1,"10":1,"11":1,"12":1,"13":1,"14":1,"15":1,"16":1},"f":{"0":4},"b":{"0":[1,3],"1":[1,2],"2":[1,1],"3":[1,0],"4":[1,1]},"_coverageSchema":"1a1c01bbd47fc00a2c39e90264f33305004495a9","hash":"d3f6f4899acbf46b799cac9d8df4a1f41554a2b2"}
}
