<?xml version="1.0" encoding="UTF-8"?>
<coverage generated="1728494442058" clover="3.2.0">
  <project timestamp="1728494442059" name="All files">
    <metrics statements="17" coveredstatements="17" conditionals="10" coveredconditionals="9" methods="1" coveredmethods="1" elements="28" coveredelements="27" complexity="0" loc="17" ncloc="17" packages="1" files="1" classes="1"/>
    <file name="calculo.js" path="C:\Users\User\Desktop\DoDev\Lista de exercicios\calcular gasto de combustivel por km #24\calculo.js">
      <metrics statements="17" coveredstatements="17" conditionals="10" coveredconditionals="9" methods="1" coveredmethods="1"/>
      <line num="2" count="4" type="cond" truecount="2" falsecount="0"/>
      <line num="3" count="1" type="stmt"/>
      <line num="4" count="3" type="cond" truecount="2" falsecount="0"/>
      <line num="5" count="1" type="stmt"/>
      <line num="6" count="1" type="stmt"/>
      <line num="7" count="1" type="stmt"/>
      <line num="8" count="1" type="stmt"/>
      <line num="9" count="1" type="stmt"/>
      <line num="11" count="2" type="cond" truecount="2" falsecount="0"/>
      <line num="12" count="1" type="stmt"/>
      <line num="13" count="1" type="stmt"/>
      <line num="14" count="1" type="stmt"/>
      <line num="15" count="1" type="stmt"/>
      <line num="16" count="1" type="stmt"/>
      <line num="17" count="1" type="cond" truecount="3" falsecount="1"/>
      <line num="18" count="1" type="stmt"/>
      <line num="23" count="1" type="stmt"/>
    </file>
  </project>
</coverage>
